Arguments: 
  C:\Program Files\nodejs\node.exe C:\Users\nanti\AppData\Roaming\npm\node_modules\yarn\bin\yarn.js install

PATH: 
  C:\Windows\system32;C:\Windows;C:\Windows\System32\Wbem;C:\Windows\System32\WindowsPowerShell\v1.0\;C:\Windows\System32\OpenSSH\;C:\Program Files\nodejs\;C:\Program Files\Git\cmd;C:\Users\nanti\AppData\Local\Microsoft\WindowsApps;;C:\Users\nanti\AppData\Local\Programs\Microsoft VS Code\bin;C:\Users\nanti\AppData\Roaming\npm

Yarn version: 
  1.10.0

Node version: 
  8.12.0

Platform: 
  win32 x64

Trace: 
  Error: getaddrinfo ENOTFOUND registry.yarnpkg.com registry.yarnpkg.com:443
      at GetAddrInfoReqWrap.onlookup [as oncomplete] (dns.js:67:26)

npm manifest: 
  {
  	"name": "simpe-vue-demo",
  	"version": "1.0.0",
  	"description": "",
  	"main": "index.js",
  	"scripts": {
  		"test": "echo \"Error: no test specified\" && exit 1"
  	},
  	"author": "",
  	"license": "ISC",
  	"devDependencies": {
  		"babel-core": "^6.18.2",
  		"babel-loader": "^6.2.8",
  		"babel-plugin-transform-runtime": "^6.15.0",
  		"babel-preset-es2015": "^6.18.0",
  		"babel-preset-stage-0": "^6.16.0",
  		"babel-runtime": "^6.18.0",
  		"css-loader": "^0.26.0",
  		"file-loader": "^0.9.0",
  		"style-loader": "^0.13.1",
  		"url-loader": "^0.5.7",
  		"vue": "^2.0.8",
  		"vue-hot-reload-api": "^2.0.6",
  		"vue-html-loader": "^1.2.3",
  		"vue-loader": "^10.0.0",
  		"vue-style-loader": "^1.0.0",
  		"vue-template-compiler": "^2.0.8",
  		"webpack": "^1.13.2",
  		"webpack-merge": "^0.17.0"
  	}
  }

yarn manifest: 
  No manifest

Lockfile: 
  No lockfile
